<?xml version="1.0" encoding="UTF-8" standalone="no"?>
<testsuite errors="0" failures="0" name="io.cucumber.core.plugin.JUnitFormatter" skipped="0" tests="1" time="0.253">
    <testcase classname="Title of your feature" name="Title of your scenario" time="0.108">
        <system-out><![CDATA[Given User is on Login Page.................................................passed
When User Enters Username and Password......................................passed
And Click on Login Button...................................................passed
Then I validate the outcomes................................................passed
]]></system-out>
    </testcase>
</testsuite>
